d:\workspace\aitsi\emptygeneraltesting\spa\debug\spa.pdb
d:\workspace\aitsi\emptygeneraltesting\spa\debug\spa.idb
d:\workspace\aitsi\emptygeneraltesting\spa\debug\designextractor.obj
d:\workspace\aitsi\emptygeneraltesting\spa\debug\pkbapi.obj
d:\workspace\aitsi\emptygeneraltesting\spa\debug\pkb.obj
d:\workspace\aitsi\emptygeneraltesting\spa\debug\modifies.obj
d:\workspace\aitsi\emptygeneraltesting\spa\debug\uses.obj
d:\workspace\aitsi\emptygeneraltesting\spa\debug\validator.obj
d:\workspace\aitsi\emptygeneraltesting\spa\debug\asttt.obj
d:\workspace\aitsi\emptygeneraltesting\spa\debug\nodefactory.obj
d:\workspace\aitsi\emptygeneraltesting\spa\debug\matcherpql.obj
d:\workspace\aitsi\emptygeneraltesting\spa\debug\aitsi.obj
d:\workspace\aitsi\emptygeneraltesting\spa\debug\querypreprocessor.obj
d:\workspace\aitsi\emptygeneraltesting\spa\debug\proctable.obj
d:\workspace\aitsi\emptygeneraltesting\spa\debug\vartable.obj
d:\workspace\aitsi\emptygeneraltesting\spa\debug\parent.obj
d:\workspace\aitsi\emptygeneraltesting\spa\debug\follows.obj
d:\workspace\aitsi\emptygeneraltesting\spa\debug\field.obj
d:\workspace\aitsi\emptygeneraltesting\spa\debug\pql.obj
d:\workspace\aitsi\emptygeneraltesting\spa\debug\queryevaluator.obj
d:\workspace\aitsi\emptygeneraltesting\spa\debug\calls.obj
d:\workspace\aitsi\emptygeneraltesting\debug\spa.lib
d:\workspace\aitsi\emptygeneraltesting\spa\debug\globalne.obj
d:\workspace\aitsi\emptygeneraltesting\debug\spa.pdb
d:\workspace\aitsi\emptygeneraltesting\spa\debug\spa.tlog\cl.command.1.tlog
d:\workspace\aitsi\emptygeneraltesting\spa\debug\spa.tlog\cl.read.1.tlog
d:\workspace\aitsi\emptygeneraltesting\spa\debug\spa.tlog\cl.write.1.tlog
d:\workspace\aitsi\emptygeneraltesting\spa\debug\spa.tlog\lib-link.read.1.tlog
d:\workspace\aitsi\emptygeneraltesting\spa\debug\spa.tlog\lib-link.write.1.tlog
d:\workspace\aitsi\emptygeneraltesting\spa\debug\spa.tlog\lib.command.1.tlog
